<?xml version="1.0" encoding="UTF-8"?>
<!-- Generated by org.testng.reporters.JUnitXMLReporter -->
<testsuite ignored="2" hostname="DESKTOP-O9GKT81" failures="1" tests="2" name="Default test(failed)(failed)" time="15.301" errors="0" timestamp="2024-09-10T14:34:03 IST">
  <testcase classname="GERMANY_LOGINPAGE.Login_page$NewTestaAmazon" name="invailiduser_validpassword" time="10.521"/>
  <testcase classname="GERMANY_LOGINPAGE.Login_page$NewTestaAmazon" name="blanck_input" time="1.256">
    <failure type="org.openqa.selenium.ElementClickInterceptedException" message="element click intercepted: Element is not clickable at point (528, 580)
  (Session info: chrome=128.0.6613.120)
Build info: version: &amp;apos;4.16.0&amp;apos;, revision: &amp;apos;15400459dd*&amp;apos;
System info: os.name: &amp;apos;Windows 11&amp;apos;, os.arch: &amp;apos;amd64&amp;apos;, os.version: &amp;apos;10.0&amp;apos;, java.version: &amp;apos;22&amp;apos;
Driver info: org.openqa.selenium.chrome.ChromeDriver
Command: [06734728735a0d44ffd2965a18e3fdda, clickElement {id=f.AB26014ACE50081D5CF58FB27A44822C.d.A3A6FD83369D9C302D23B7A63D88C3F3.e.97}]
Capabilities {acceptInsecureCerts: false, browserName: chrome, browserVersion: 128.0.6613.120, chrome: {chromedriverVersion: 128.0.6613.119 (6e439cfca4d..., userDataDir: C:\Users\HP\AppData\Local\T...}, fedcm:accounts: true, goog:chromeOptions: {debuggerAddress: localhost:64447}, networkConnectionEnabled: false, pageLoadStrategy: normal, platformName: windows, proxy: Proxy(), se:cdp: ws://localhost:64447/devtoo..., se:cdpVersion: 128.0.6613.120, setWindowRect: true, strictFileInteractability: false, timeouts: {implicit: 0, pageLoad: 300000, script: 30000}, unhandledPromptBehavior: dismiss and notify, webauthn:extension:credBlob: true, webauthn:extension:largeBlob: true, webauthn:extension:minPinLength: true, webauthn:extension:prf: true, webauthn:virtualAuthenticators: true}
Element: [[ChromeDriver: chrome on windows (06734728735a0d44ffd2965a18e3fdda)] -&amp;gt; css selector: button[type=&amp;apos;submit&amp;apos;]]
Session ID: 06734728735a0d44ffd2965a18e3fdda">
      <![CDATA[org.openqa.selenium.ElementClickInterceptedException: element click intercepted: Element is not clickable at point (528, 580)
  (Session info: chrome=128.0.6613.120)
Build info: version: '4.16.0', revision: '15400459dd*'
System info: os.name: 'Windows 11', os.arch: 'amd64', os.version: '10.0', java.version: '22'
Driver info: org.openqa.selenium.chrome.ChromeDriver
Command: [06734728735a0d44ffd2965a18e3fdda, clickElement {id=f.AB26014ACE50081D5CF58FB27A44822C.d.A3A6FD83369D9C302D23B7A63D88C3F3.e.97}]
Capabilities {acceptInsecureCerts: false, browserName: chrome, browserVersion: 128.0.6613.120, chrome: {chromedriverVersion: 128.0.6613.119 (6e439cfca4d..., userDataDir: C:\Users\HP\AppData\Local\T...}, fedcm:accounts: true, goog:chromeOptions: {debuggerAddress: localhost:64447}, networkConnectionEnabled: false, pageLoadStrategy: normal, platformName: windows, proxy: Proxy(), se:cdp: ws://localhost:64447/devtoo..., se:cdpVersion: 128.0.6613.120, setWindowRect: true, strictFileInteractability: false, timeouts: {implicit: 0, pageLoad: 300000, script: 30000}, unhandledPromptBehavior: dismiss and notify, webauthn:extension:credBlob: true, webauthn:extension:largeBlob: true, webauthn:extension:minPinLength: true, webauthn:extension:prf: true, webauthn:virtualAuthenticators: true}
Element: [[ChromeDriver: chrome on windows (06734728735a0d44ffd2965a18e3fdda)] -> css selector: button[type='submit']]
Session ID: 06734728735a0d44ffd2965a18e3fdda
at org.openqa.selenium.remote.codec.w3c.W3CHttpResponseCodec.createException(W3CHttpResponseCodec.java:200)
at org.openqa.selenium.remote.codec.w3c.W3CHttpResponseCodec.decode(W3CHttpResponseCodec.java:133)
at org.openqa.selenium.remote.codec.w3c.W3CHttpResponseCodec.decode(W3CHttpResponseCodec.java:52)
at org.openqa.selenium.remote.HttpCommandExecutor.execute(HttpCommandExecutor.java:191)
at org.openqa.selenium.remote.service.DriverCommandExecutor.invokeExecute(DriverCommandExecutor.java:200)
at org.openqa.selenium.remote.service.DriverCommandExecutor.execute(DriverCommandExecutor.java:175)
at org.openqa.selenium.remote.RemoteWebDriver.execute(RemoteWebDriver.java:523)
at org.openqa.selenium.remote.RemoteWebElement.execute(RemoteWebElement.java:224)
at org.openqa.selenium.remote.RemoteWebElement.click(RemoteWebElement.java:77)
at GERMANY_LOGINPAGE.Login_page$NewTestaAmazon.blanck_input(Login_page.java:111)
at java.base/java.util.ArrayList.forEach(ArrayList.java:1597)
... Removed 28 stack frames]]>
    </failure>
  </testcase> <!-- blanck_input -->
  <testcase classname="GERMANY_LOGINPAGE.Login_page$NewTestaAmazon" name="login_with_valid_id_pass" time="0.0">
    <ignored/>
  </testcase> <!-- login_with_valid_id_pass -->
  <testcase classname="GERMANY_LOGINPAGE.Login_page$NewTestaAmazon" name="Vailiduser_invailid_password" time="0.0">
    <ignored/>
  </testcase> <!-- Vailiduser_invailid_password -->
</testsuite> <!-- Default test(failed)(failed) -->
